  quadtile.cpp
c:\users\akn\documents\github\3d_engine\quadtile.cpp(28): warning C4244: 'argument': conversion from 'double' to 'float', possible loss of data
c:\users\akn\documents\github\3d_engine\quadtile.cpp(32): warning C4244: 'return': conversion from 'double' to 'float', possible loss of data
c:\users\akn\documents\github\3d_engine\quadtile.cpp(92): warning C4101: 'lon': unreferenced local variable
c:\users\akn\documents\github\3d_engine\quadtile.cpp(92): warning C4101: 'alt': unreferenced local variable
c:\users\akn\documents\github\3d_engine\quadtile.cpp(92): warning C4101: 'lat': unreferenced local variable
c:\users\akn\documents\github\3d_engine\quadtile.cpp(92): warning C4101: 'n': unreferenced local variable
c:\users\akn\documents\github\3d_engine\quadtile.cpp(200): warning C4101: 'distances': unreferenced local variable
c:\users\akn\documents\github\3d_engine\quadtile.cpp(297): warning C4267: 'initializing': conversion from 'size_t' to 'char', possible loss of data
c:\users\akn\documents\github\3d_engine\quadtile.cpp(351): warning C4244: '+=': conversion from 'double' to '_Ty', possible loss of data
          with
          [
              _Ty=int
          ]
c:\users\akn\documents\github\3d_engine\quadtile.cpp(352): warning C4244: '+=': conversion from 'double' to '_Ty', possible loss of data
          with
          [
              _Ty=int
          ]
c:\users\akn\documents\github\3d_engine\quadtile.cpp(365): warning C4018: '<': signed/unsigned mismatch
c:\users\akn\documents\github\3d_engine\quadtile.cpp(367): warning C4244: 'initializing': conversion from 'double' to 'int', possible loss of data
c:\users\akn\documents\github\3d_engine\quadtile.cpp(422): warning C4244: 'initializing': conversion from 'double' to 'float', possible loss of data
c:\users\akn\documents\github\3d_engine\quadtile.cpp(468): warning C4244: 'initializing': conversion from 'double' to 'float', possible loss of data
c:\users\akn\documents\github\3d_engine\quadtile.cpp(532): warning C4244: 'argument': conversion from 'double' to 'float', possible loss of data
c:\users\akn\documents\github\3d_engine\quadtile.cpp(609): warning C4244: 'argument': conversion from 'double' to 'float', possible loss of data
c:\users\akn\documents\github\3d_engine\quadtile.cpp(625): warning C4018: '<': signed/unsigned mismatch
c:\users\akn\documents\github\3d_engine\quadtile.cpp(627): warning C4018: '<': signed/unsigned mismatch
c:\users\akn\documents\github\3d_engine\quadtile.cpp(636): warning C4244: 'argument': conversion from 'double' to 'float', possible loss of data
c:\users\akn\documents\github\3d_engine\quadtile.cpp(642): warning C4244: 'argument': conversion from 'double' to 'float', possible loss of data
c:\users\akn\documents\github\3d_engine\quadtile.cpp(648): warning C4244: 'argument': conversion from 'double' to 'float', possible loss of data
c:\users\akn\documents\github\3d_engine\quadtile.cpp(654): warning C4244: 'argument': conversion from 'double' to 'float', possible loss of data
  3d_engine.vcxproj -> C:\Users\akn\Documents\GitHub\3d_engine\Debug\3d_engine.exe
